c:\faculdade\3ano\advancedgameprogramming\gameengineproject\gameenginecourswork\6020cem physics with box2d\framework\framework\x64\debug\vc143.pdb
c:\faculdade\3ano\advancedgameprogramming\gameengineproject\gameenginecourswork\6020cem physics with box2d\framework\framework\x64\debug\vc143.idb
c:\faculdade\3ano\advancedgameprogramming\gameengineproject\gameenginecourswork\6020cem physics with box2d\framework\framework\x64\debug\scriptbehaviour.obj
c:\faculdade\3ano\advancedgameprogramming\gameengineproject\gameenginecourswork\6020cem physics with box2d\framework\framework\x64\debug\scene.obj
c:\faculdade\3ano\advancedgameprogramming\gameengineproject\gameenginecourswork\6020cem physics with box2d\framework\framework\x64\debug\sb_camerafollowplayer.obj
c:\faculdade\3ano\advancedgameprogramming\gameengineproject\gameenginecourswork\6020cem physics with box2d\framework\framework\x64\debug\sb_charactermovement.obj
c:\faculdade\3ano\advancedgameprogramming\gameengineproject\gameenginecourswork\6020cem physics with box2d\framework\framework\x64\debug\sb_testscript.obj
c:\faculdade\3ano\advancedgameprogramming\gameengineproject\gameenginecourswork\6020cem physics with box2d\framework\framework\x64\debug\rigidbody.obj
c:\faculdade\3ano\advancedgameprogramming\gameengineproject\gameenginecourswork\6020cem physics with box2d\framework\framework\x64\debug\physicsengine.obj
c:\faculdade\3ano\advancedgameprogramming\gameengineproject\gameenginecourswork\6020cem physics with box2d\framework\framework\x64\debug\main.obj
c:\faculdade\3ano\advancedgameprogramming\gameengineproject\gameenginecourswork\6020cem physics with box2d\framework\framework\x64\debug\inputsengine.obj
c:\faculdade\3ano\advancedgameprogramming\gameengineproject\gameenginecourswork\6020cem physics with box2d\framework\framework\x64\debug\graphicsengine.obj
c:\faculdade\3ano\advancedgameprogramming\gameengineproject\gameenginecourswork\6020cem physics with box2d\framework\framework\x64\debug\gameobject.obj
c:\faculdade\3ano\advancedgameprogramming\gameengineproject\gameenginecourswork\6020cem physics with box2d\framework\framework\x64\debug\gameengine.obj
c:\faculdade\3ano\advancedgameprogramming\gameengineproject\gameenginecourswork\6020cem physics with box2d\framework\framework\x64\debug\eventqueue.obj
c:\faculdade\3ano\advancedgameprogramming\gameengineproject\gameenginecourswork\6020cem physics with box2d\framework\framework\x64\debug\enginemain.obj
c:\faculdade\3ano\advancedgameprogramming\gameengineproject\gameenginecourswork\6020cem physics with box2d\framework\framework\x64\debug\enginejsonreader.obj
c:\faculdade\3ano\advancedgameprogramming\gameengineproject\gameenginecourswork\6020cem physics with box2d\framework\framework\x64\debug\enginefunctionalitymanager.obj
c:\faculdade\3ano\advancedgameprogramming\gameengineproject\gameenginecourswork\6020cem physics with box2d\framework\framework\x64\debug\com_mesh.obj
c:\faculdade\3ano\advancedgameprogramming\gameengineproject\gameenginecourswork\6020cem physics with box2d\framework\framework\x64\debug\component.obj
c:\faculdade\3ano\advancedgameprogramming\gameengineproject\gameenginecourswork\6020cem physics with box2d\framework\framework\x64\debug\com_collider.obj
c:\faculdade\3ano\advancedgameprogramming\gameengineproject\gameenginecourswork\6020cem physics with box2d\framework\framework\x64\debug\circlecollider.obj
c:\faculdade\3ano\advancedgameprogramming\gameengineproject\gameenginecourswork\6020cem physics with box2d\framework\framework\x64\debug\uiscreenview_text.obj
c:\faculdade\3ano\advancedgameprogramming\gameengineproject\gameenginecourswork\6020cem physics with box2d\framework\framework\x64\debug\uiscreenview_image.obj
c:\faculdade\3ano\advancedgameprogramming\gameengineproject\gameenginecourswork\6020cem physics with box2d\framework\framework\x64\debug\uiscreenview_btntext.obj
c:\faculdade\3ano\advancedgameprogramming\gameengineproject\gameenginecourswork\6020cem physics with box2d\framework\framework\x64\debug\uiscreenview_btnimage.obj
c:\faculdade\3ano\advancedgameprogramming\gameengineproject\gameenginecourswork\6020cem physics with box2d\framework\framework\x64\debug\uiengine.obj
c:\faculdade\3ano\advancedgameprogramming\gameengineproject\gameenginecourswork\6020cem physics with box2d\framework\framework\x64\debug\transform.obj
c:\faculdade\3ano\advancedgameprogramming\gameengineproject\gameenginecourswork\6020cem physics with box2d\framework\framework\x64\debug\squarecollider.obj
c:\faculdade\3ano\advancedgameprogramming\gameengineproject\gameenginecourswork\6020cem physics with box2d\framework\framework\x64\debug\shape_box.obj
c:\faculdade\3ano\advancedgameprogramming\gameengineproject\gameenginecourswork\6020cem physics with box2d\framework\framework\x64\debug\shape.obj
c:\faculdade\3ano\advancedgameprogramming\gameengineproject\gameenginecourswork\6020cem physics with box2d\framework\framework\x64\debug\scriptloadermanager.obj
c:\faculdade\3ano\advancedgameprogramming\gameengineproject\gameenginecourswork\6020cem physics with box2d\framework\framework\x64\debug\engineversioncontroller.obj
c:\faculdade\3ano\advancedgameprogramming\gameengineproject\gameenginecourswork\6020cem physics with box2d\framework\framework\x64\debug\framework.ilk
c:\faculdade\3ano\advancedgameprogramming\gameengineproject\gameenginecourswork\6020cem physics with box2d\framework\x64\debug\framework.pdb
c:\faculdade\3ano\advancedgameprogramming\gameengineproject\gameenginecourswork\6020cem physics with box2d\framework\x64\debug\framework.exe
c:\faculdade\3ano\advancedgameprogramming\gameengineproject\gameenginecourswork\6020cem physics with box2d\framework\framework\x64\debug\framework.tlog\cl.command.1.tlog
c:\faculdade\3ano\advancedgameprogramming\gameengineproject\gameenginecourswork\6020cem physics with box2d\framework\framework\x64\debug\framework.tlog\cl.read.1.tlog
c:\faculdade\3ano\advancedgameprogramming\gameengineproject\gameenginecourswork\6020cem physics with box2d\framework\framework\x64\debug\framework.tlog\cl.write.1.tlog
c:\faculdade\3ano\advancedgameprogramming\gameengineproject\gameenginecourswork\6020cem physics with box2d\framework\framework\x64\debug\framework.tlog\link.command.1.tlog
c:\faculdade\3ano\advancedgameprogramming\gameengineproject\gameenginecourswork\6020cem physics with box2d\framework\framework\x64\debug\framework.tlog\link.read.1.tlog
c:\faculdade\3ano\advancedgameprogramming\gameengineproject\gameenginecourswork\6020cem physics with box2d\framework\framework\x64\debug\framework.tlog\link.write.1.tlog
