c:\faculdade\3ano\advancedgameprogramming\gameengineproject\gameenginecourswork\6020cem physics with box2d\framework\framework\x64\release\vc143.pdb
c:\faculdade\3ano\advancedgameprogramming\gameengineproject\gameenginecourswork\6020cem physics with box2d\framework\framework\x64\release\transform.obj
c:\faculdade\3ano\advancedgameprogramming\gameengineproject\gameenginecourswork\6020cem physics with box2d\framework\framework\x64\release\squarecollider.obj
c:\faculdade\3ano\advancedgameprogramming\gameengineproject\gameenginecourswork\6020cem physics with box2d\framework\framework\x64\release\shape_box.obj
c:\faculdade\3ano\advancedgameprogramming\gameengineproject\gameenginecourswork\6020cem physics with box2d\framework\framework\x64\release\shape.obj
c:\faculdade\3ano\advancedgameprogramming\gameengineproject\gameenginecourswork\6020cem physics with box2d\framework\framework\x64\release\scriptbehaviour.obj
c:\faculdade\3ano\advancedgameprogramming\gameengineproject\gameenginecourswork\6020cem physics with box2d\framework\framework\x64\release\scene.obj
c:\faculdade\3ano\advancedgameprogramming\gameengineproject\gameenginecourswork\6020cem physics with box2d\framework\framework\x64\release\sb_testscript.obj
c:\faculdade\3ano\advancedgameprogramming\gameengineproject\gameenginecourswork\6020cem physics with box2d\framework\framework\x64\release\rigidbody.obj
c:\faculdade\3ano\advancedgameprogramming\gameengineproject\gameenginecourswork\6020cem physics with box2d\framework\framework\x64\release\physicsengine.obj
c:\faculdade\3ano\advancedgameprogramming\gameengineproject\gameenginecourswork\6020cem physics with box2d\framework\framework\x64\release\main.obj
c:\faculdade\3ano\advancedgameprogramming\gameengineproject\gameenginecourswork\6020cem physics with box2d\framework\framework\x64\release\inputsengine.obj
c:\faculdade\3ano\advancedgameprogramming\gameengineproject\gameenginecourswork\6020cem physics with box2d\framework\framework\x64\release\graphicsengine.obj
c:\faculdade\3ano\advancedgameprogramming\gameengineproject\gameenginecourswork\6020cem physics with box2d\framework\framework\x64\release\gameobject.obj
c:\faculdade\3ano\advancedgameprogramming\gameengineproject\gameenginecourswork\6020cem physics with box2d\framework\framework\x64\release\gameengine.obj
c:\faculdade\3ano\advancedgameprogramming\gameengineproject\gameenginecourswork\6020cem physics with box2d\framework\framework\x64\release\eventqueue.obj
c:\faculdade\3ano\advancedgameprogramming\gameengineproject\gameenginecourswork\6020cem physics with box2d\framework\framework\x64\release\enginejsonreader.obj
c:\faculdade\3ano\advancedgameprogramming\gameengineproject\gameenginecourswork\6020cem physics with box2d\framework\framework\x64\release\enginefunctionalitymanager.obj
c:\faculdade\3ano\advancedgameprogramming\gameengineproject\gameenginecourswork\6020cem physics with box2d\framework\framework\x64\release\com_mesh.obj
c:\faculdade\3ano\advancedgameprogramming\gameengineproject\gameenginecourswork\6020cem physics with box2d\framework\framework\x64\release\component.obj
c:\faculdade\3ano\advancedgameprogramming\gameengineproject\gameenginecourswork\6020cem physics with box2d\framework\framework\x64\release\com_collider.obj
c:\faculdade\3ano\advancedgameprogramming\gameengineproject\gameenginecourswork\6020cem physics with box2d\framework\framework\x64\release\uiscreenview_text.obj
c:\faculdade\3ano\advancedgameprogramming\gameengineproject\gameenginecourswork\6020cem physics with box2d\framework\framework\x64\release\uiscreenview_image.obj
c:\faculdade\3ano\advancedgameprogramming\gameengineproject\gameenginecourswork\6020cem physics with box2d\framework\framework\x64\release\uiscreenview_btntext.obj
c:\faculdade\3ano\advancedgameprogramming\gameengineproject\gameenginecourswork\6020cem physics with box2d\framework\framework\x64\release\uiscreenview_btnimage.obj
c:\faculdade\3ano\advancedgameprogramming\gameengineproject\gameenginecourswork\6020cem physics with box2d\framework\framework\x64\release\uiengine.obj
c:\faculdade\3ano\advancedgameprogramming\gameengineproject\gameenginecourswork\6020cem physics with box2d\framework\framework\x64\release\circlecollider.obj
c:\faculdade\3ano\advancedgameprogramming\gameengineproject\gameenginecourswork\6020cem physics with box2d\framework\framework\x64\release\scriptloadermanager.obj
c:\faculdade\3ano\advancedgameprogramming\gameengineproject\gameenginecourswork\6020cem physics with box2d\framework\framework\x64\release\sb_camerafollowplayer.obj
c:\faculdade\3ano\advancedgameprogramming\gameengineproject\gameenginecourswork\6020cem physics with box2d\framework\framework\x64\release\sb_charactermovement.obj
c:\faculdade\3ano\advancedgameprogramming\gameengineproject\gameenginecourswork\6020cem physics with box2d\framework\framework\x64\release\sb_multiplayerserverclient.obj
c:\faculdade\3ano\advancedgameprogramming\gameengineproject\gameenginecourswork\6020cem physics with box2d\framework\framework\x64\release\audioplayer.obj
c:\faculdade\3ano\advancedgameprogramming\gameengineproject\gameenginecourswork\6020cem physics with box2d\framework\x64\release\framework.exe
c:\faculdade\3ano\advancedgameprogramming\gameengineproject\gameenginecourswork\6020cem physics with box2d\framework\framework\x64\release\framework.ipdb
c:\faculdade\3ano\advancedgameprogramming\gameengineproject\gameenginecourswork\6020cem physics with box2d\framework\x64\release\framework.pdb
c:\faculdade\3ano\advancedgameprogramming\gameengineproject\gameenginecourswork\6020cem physics with box2d\framework\framework\x64\release\framework.iobj
c:\faculdade\3ano\advancedgameprogramming\gameengineproject\gameenginecourswork\6020cem physics with box2d\framework\framework\x64\release\framework.tlog\cl.command.1.tlog
c:\faculdade\3ano\advancedgameprogramming\gameengineproject\gameenginecourswork\6020cem physics with box2d\framework\framework\x64\release\framework.tlog\cl.read.1.tlog
c:\faculdade\3ano\advancedgameprogramming\gameengineproject\gameenginecourswork\6020cem physics with box2d\framework\framework\x64\release\framework.tlog\cl.write.1.tlog
c:\faculdade\3ano\advancedgameprogramming\gameengineproject\gameenginecourswork\6020cem physics with box2d\framework\framework\x64\release\framework.tlog\link.command.1.tlog
c:\faculdade\3ano\advancedgameprogramming\gameengineproject\gameenginecourswork\6020cem physics with box2d\framework\framework\x64\release\framework.tlog\link.read.1.tlog
c:\faculdade\3ano\advancedgameprogramming\gameengineproject\gameenginecourswork\6020cem physics with box2d\framework\framework\x64\release\framework.tlog\link.write.1.tlog
